<?xml version="1.0" encoding="UTF-8"?>
<!-- Generated by org.testng.reporters.JUnitXMLReporter -->
<testsuite hostname="Ashrafs-MacBook-Pro.local" failures="0" tests="4" name="Command line test" time="0.12" errors="0" timestamp="21 Feb 2019 13:59:41 GMT">
  <testcase classname="tests.TestAbout" name="@BeforeTest beforeTest" time="0.0">
    <failure type="java.lang.IllegalStateException" message="The driver is not executable: /Volumes/data/unified-data/projects/docker/asp.netDemo/Test_Automation/POC_Docker/./ChromeDriver/chromedriver.exe">
      <![CDATA[java.lang.IllegalStateException: The driver is not executable: /Volumes/data/unified-data/projects/docker/asp.netDemo/Test_Automation/POC_Docker/./ChromeDriver/chromedriver.exe
	at com.google.common.base.Preconditions.checkState(Preconditions.java:534)
	at org.openqa.selenium.remote.service.DriverService.checkExecutable(DriverService.java:140)
	at org.openqa.selenium.remote.service.DriverService.findExecutable(DriverService.java:131)
	at org.openqa.selenium.chrome.ChromeDriverService.access$000(ChromeDriverService.java:35)
	at org.openqa.selenium.chrome.ChromeDriverService$Builder.findDefaultExecutable(ChromeDriverService.java:156)
	at org.openqa.selenium.remote.service.DriverService$Builder.build(DriverService.java:339)
	at org.openqa.selenium.chrome.ChromeDriverService.createDefaultService(ChromeDriverService.java:91)
	at org.openqa.selenium.chrome.ChromeDriver.<init>(ChromeDriver.java:157)
	at utilities.BrowserConfig.openbrowser(BrowserConfig.java:42)
	at objectRepo.AboutPage.openHomePage(AboutPage.java:60)
	at tests.TestAbout.beforeTest(TestAbout.java:17)
... Removed 31 stack frames]]>
    </failure>
  </testcase> <!-- @BeforeTest beforeTest -->
  <testcase classname="tests.TestAbout" name="@AfterTest afterTest" time="0.0">
    <skipped/>
  </testcase> <!-- @AfterTest afterTest -->
  <testcase classname="tests.TestAbout" name="About" time="0.001">
    <skipped/>
  </testcase> <!-- About -->
  <testcase classname="tests.TestAbout" name="Student" time="0.0">
    <skipped/>
  </testcase> <!-- Student -->
  <testcase classname="tests.TestAbout" name="Instructor" time="0.001">
    <skipped/>
  </testcase> <!-- Instructor -->
  <testcase classname="tests.TestAbout" name="Department" time="0.0">
    <skipped/>
  </testcase> <!-- Department -->
</testsuite> <!-- Command line test -->
